<?xml version="1.0" encoding="UTF-8"?>
<!-- Generated by org.testng.reporters.JUnitReportReporter -->
<testsuite skipped="0" hostname="Gagan" name="cloudTests.SauceTest" tests="8" failures="0" timestamp="31 Oct 2020 08:34:12 GMT" time="146.474" errors="0">
  <testcase name="TitleTest" time="12.309" classname="cloudTests.SauceTest"/>
  <testcase name="TitleTest" time="18.201" classname="cloudTests.SauceTest"/>
  <testcase name="checkInventoryItemTest" time="16.205" classname="cloudTests.SauceTest"/>
  <testcase name="checkInventoryItemTest" time="22.579" classname="cloudTests.SauceTest"/>
  <testcase name="checkAddToCartButtonTest" time="22.305" classname="cloudTests.SauceTest"/>
  <testcase name="checkAddToCartButtonTest" time="15.361" classname="cloudTests.SauceTest"/>
  <testcase name="LogoutTest" time="18.531" classname="cloudTests.SauceTest"/>
  <testcase name="LogoutTest" time="20.983" classname="cloudTests.SauceTest"/>
</testsuite> <!-- cloudTests.SauceTest -->
